This file contains any messages produced by compilers while
running configure, to aid debugging if configure makes a mistake.

It was created by WordNet configure 3.0, which was
generated by GNU Autoconf 2.59.  Invocation command line was

  $ ./configure 

## --------- ##
## Platform. ##
## --------- ##

hostname = kindred
uname -m = x86_64
uname -r = 5.11.0-37-generic
uname -s = Linux
uname -v = #41~20.04.2-Ubuntu SMP Fri Sep 24 09:06:38 UTC 2021

/usr/bin/uname -p = x86_64
/bin/uname -X     = unknown

/bin/arch              = x86_64
/usr/bin/arch -k       = unknown
/usr/convex/getsysinfo = unknown
hostinfo               = unknown
/bin/machine           = unknown
/usr/bin/oslevel       = unknown
/bin/universe          = unknown

PATH: /home/zeio/anaconda3/bin
PATH: /home/zeio/anaconda3/condabin
PATH: /home/zeio/.local/bin
PATH: /usr/local/sbin
PATH: /usr/local/bin
PATH: /usr/sbin
PATH: /usr/bin
PATH: /sbin
PATH: /bin
PATH: /usr/games
PATH: /usr/local/games
PATH: /snap/bin
PATH: /home/zeio/.dotnet/tools
PATH: /usr/share/swift-5.5/usr/bin
PATH: /usr/lib/gcc/x86_64-linux-gnu/9
PATH: /usr/local/go/bin
PATH: /usr/local/cuda/bin


## ----------- ##
## Core tests. ##
## ----------- ##

configure:1369: checking for gcc
configure:1385: found /usr/bin/gcc
configure:1395: result: gcc
configure:1639: checking for C compiler version
configure:1642: gcc --version </dev/null >&5
gcc (Ubuntu 7.5.0-6ubuntu2) 7.5.0
Copyright (C) 2017 Free Software Foundation, Inc.
This is free software; see the source for copying conditions.  There is NO
warranty; not even for MERCHANTABILITY or FITNESS FOR A PARTICULAR PURPOSE.

configure:1645: $? = 0
configure:1647: gcc -v </dev/null >&5
Using built-in specs.
COLLECT_GCC=gcc
COLLECT_LTO_WRAPPER=/usr/lib/gcc/x86_64-linux-gnu/7/lto-wrapper
OFFLOAD_TARGET_NAMES=nvptx-none
OFFLOAD_TARGET_DEFAULT=1
Target: x86_64-linux-gnu
Configured with: ../src/configure -v --with-pkgversion='Ubuntu 7.5.0-6ubuntu2' --with-bugurl=file:///usr/share/doc/gcc-7/README.Bugs --enable-languages=c,ada,c++,go,brig,d,fortran,objc,obj-c++ --prefix=/usr --with-gcc-major-version-only --program-suffix=-7 --program-prefix=x86_64-linux-gnu- --enable-shared --enable-linker-build-id --libexecdir=/usr/lib --without-included-gettext --enable-threads=posix --libdir=/usr/lib --enable-nls --enable-bootstrap --enable-clocale=gnu --enable-libstdcxx-debug --enable-libstdcxx-time=yes --with-default-libstdcxx-abi=new --enable-gnu-unique-object --disable-vtable-verify --enable-libmpx --enable-plugin --enable-default-pie --with-system-zlib --with-target-system-zlib --enable-objc-gc=auto --enable-multiarch --disable-werror --with-arch-32=i686 --with-abi=m64 --with-multilib-list=m32,m64,mx32 --enable-multilib --with-tune=generic --enable-offload-targets=nvptx-none --without-cuda-driver --enable-checking=release --build=x86_64-linux-gnu --host=x86_64-linux-gnu --target=x86_64-linux-gnu
Thread model: posix
gcc version 7.5.0 (Ubuntu 7.5.0-6ubuntu2) 
configure:1650: $? = 0
configure:1652: gcc -V </dev/null >&5
gcc: error: unrecognized command line option '-V'
gcc: fatal error: no input files
compilation terminated.
configure:1655: $? = 1
configure:1678: checking for C compiler default output file name
configure:1681: gcc    conftest.c  >&5
configure:1684: $? = 0
configure:1730: result: a.out
configure:1735: checking whether the C compiler works
configure:1741: ./a.out
configure:1744: $? = 0
configure:1761: result: yes
configure:1768: checking whether we are cross compiling
configure:1770: result: no
configure:1773: checking for suffix of executables
configure:1775: gcc -o conftest    conftest.c  >&5
configure:1778: $? = 0
configure:1803: result: 
configure:1809: checking for suffix of object files
configure:1830: gcc -c   conftest.c >&5
configure:1833: $? = 0
configure:1855: result: o
configure:1859: checking whether we are using the GNU C compiler
configure:1883: gcc -c   conftest.c >&5
configure:1889: $? = 0
configure:1893: test -z 
			 || test ! -s conftest.err
configure:1896: $? = 0
configure:1899: test -s conftest.o
configure:1902: $? = 0
configure:1915: result: yes
configure:1921: checking whether gcc accepts -g
configure:1942: gcc -c -g  conftest.c >&5
configure:1948: $? = 0
configure:1952: test -z 
			 || test ! -s conftest.err
configure:1955: $? = 0
configure:1958: test -s conftest.o
configure:1961: $? = 0
configure:1972: result: yes
configure:1989: checking for gcc option to accept ANSI C
configure:2059: gcc  -c -g -O2  conftest.c >&5
configure:2065: $? = 0
configure:2069: test -z 
			 || test ! -s conftest.err
configure:2072: $? = 0
configure:2075: test -s conftest.o
configure:2078: $? = 0
configure:2096: result: none needed
configure:2114: gcc -c -g -O2  conftest.c >&5
conftest.c:2:3: error: unknown type name 'choke'
   choke me
   ^~~~~
conftest.c:2:3: error: expected '=', ',', ';', 'asm' or '__attribute__' at end of input
configure:2120: $? = 1
configure: failed program was:
| #ifndef __cplusplus
|   choke me
| #endif
configure:2294: checking for ranlib
configure:2310: found /usr/bin/ranlib
configure:2321: result: ranlib
configure:2371: checking for a BSD-compatible install
configure:2426: result: /usr/bin/install -c
configure:2445: checking how to run the C preprocessor
configure:2480: gcc -E  conftest.c
configure:2486: $? = 0
configure:2518: gcc -E  conftest.c
conftest.c:9:10: fatal error: ac_nonexistent.h: No such file or directory
 #include <ac_nonexistent.h>
          ^~~~~~~~~~~~~~~~~~
compilation terminated.
configure:2524: $? = 1
configure: failed program was:
| /* confdefs.h.  */
| 
| #define PACKAGE_NAME "WordNet"
| #define PACKAGE_TARNAME "wordnet"
| #define PACKAGE_VERSION "3.0"
| #define PACKAGE_STRING "WordNet 3.0"
| #define PACKAGE_BUGREPORT "wordnet@princeton.edu"
| /* end confdefs.h.  */
| #include <ac_nonexistent.h>
configure:2563: result: gcc -E
configure:2587: gcc -E  conftest.c
configure:2593: $? = 0
configure:2625: gcc -E  conftest.c
conftest.c:9:10: fatal error: ac_nonexistent.h: No such file or directory
 #include <ac_nonexistent.h>
          ^~~~~~~~~~~~~~~~~~
compilation terminated.
configure:2631: $? = 1
configure: failed program was:
| /* confdefs.h.  */
| 
| #define PACKAGE_NAME "WordNet"
| #define PACKAGE_TARNAME "wordnet"
| #define PACKAGE_VERSION "3.0"
| #define PACKAGE_STRING "WordNet 3.0"
| #define PACKAGE_BUGREPORT "wordnet@princeton.edu"
| /* end confdefs.h.  */
| #include <ac_nonexistent.h>
configure:2675: checking for egrep
configure:2685: result: grep -E
configure:2690: checking for ANSI C header files
configure:2715: gcc -c -g -O2  conftest.c >&5
configure:2721: $? = 0
configure:2725: test -z 
			 || test ! -s conftest.err
configure:2728: $? = 0
configure:2731: test -s conftest.o
configure:2734: $? = 0
configure:2823: gcc -o conftest -g -O2   conftest.c  >&5
conftest.c: In function 'main':
conftest.c:26:7: warning: implicit declaration of function 'exit' [-Wimplicit-function-declaration]
       exit(2);
       ^~~~
conftest.c:26:7: warning: incompatible implicit declaration of built-in function 'exit'
conftest.c:26:7: note: include '<stdlib.h>' or provide a declaration of 'exit'
conftest.c:27:3: warning: incompatible implicit declaration of built-in function 'exit'
   exit (0);
   ^~~~
conftest.c:27:3: note: include '<stdlib.h>' or provide a declaration of 'exit'
configure:2826: $? = 0
configure:2828: ./conftest
configure:2831: $? = 0
configure:2846: result: yes
configure:2870: checking for sys/types.h
configure:2886: gcc -c -g -O2  conftest.c >&5
configure:2892: $? = 0
configure:2896: test -z 
			 || test ! -s conftest.err
configure:2899: $? = 0
configure:2902: test -s conftest.o
configure:2905: $? = 0
configure:2916: result: yes
configure:2870: checking for sys/stat.h
configure:2886: gcc -c -g -O2  conftest.c >&5
configure:2892: $? = 0
configure:2896: test -z 
			 || test ! -s conftest.err
configure:2899: $? = 0
configure:2902: test -s conftest.o
configure:2905: $? = 0
configure:2916: result: yes
configure:2870: checking for stdlib.h
configure:2886: gcc -c -g -O2  conftest.c >&5
configure:2892: $? = 0
configure:2896: test -z 
			 || test ! -s conftest.err
configure:2899: $? = 0
configure:2902: test -s conftest.o
configure:2905: $? = 0
configure:2916: result: yes
configure:2870: checking for string.h
configure:2886: gcc -c -g -O2  conftest.c >&5
configure:2892: $? = 0
configure:2896: test -z 
			 || test ! -s conftest.err
configure:2899: $? = 0
configure:2902: test -s conftest.o
configure:2905: $? = 0
configure:2916: result: yes
configure:2870: checking for memory.h
configure:2886: gcc -c -g -O2  conftest.c >&5
configure:2892: $? = 0
configure:2896: test -z 
			 || test ! -s conftest.err
configure:2899: $? = 0
configure:2902: test -s conftest.o
configure:2905: $? = 0
configure:2916: result: yes
configure:2870: checking for strings.h
configure:2886: gcc -c -g -O2  conftest.c >&5
configure:2892: $? = 0
configure:2896: test -z 
			 || test ! -s conftest.err
configure:2899: $? = 0
configure:2902: test -s conftest.o
configure:2905: $? = 0
configure:2916: result: yes
configure:2870: checking for inttypes.h
configure:2886: gcc -c -g -O2  conftest.c >&5
configure:2892: $? = 0
configure:2896: test -z 
			 || test ! -s conftest.err
configure:2899: $? = 0
configure:2902: test -s conftest.o
configure:2905: $? = 0
configure:2916: result: yes
configure:2870: checking for stdint.h
configure:2886: gcc -c -g -O2  conftest.c >&5
configure:2892: $? = 0
configure:2896: test -z 
			 || test ! -s conftest.err
configure:2899: $? = 0
configure:2902: test -s conftest.o
configure:2905: $? = 0
configure:2916: result: yes
configure:2870: checking for unistd.h
configure:2886: gcc -c -g -O2  conftest.c >&5
configure:2892: $? = 0
configure:2896: test -z 
			 || test ! -s conftest.err
configure:2899: $? = 0
configure:2902: test -s conftest.o
configure:2905: $? = 0
configure:2916: result: yes
configure:2945: checking locale.h usability
configure:2957: gcc -c -g -O2  conftest.c >&5
configure:2963: $? = 0
configure:2967: test -z 
			 || test ! -s conftest.err
configure:2970: $? = 0
configure:2973: test -s conftest.o
configure:2976: $? = 0
configure:2986: result: yes
configure:2990: checking locale.h presence
configure:3000: gcc -E  conftest.c
configure:3006: $? = 0
configure:3026: result: yes
configure:3061: checking for locale.h
configure:3068: result: yes
configure:2945: checking malloc.h usability
configure:2957: gcc -c -g -O2  conftest.c >&5
configure:2963: $? = 0
configure:2967: test -z 
			 || test ! -s conftest.err
configure:2970: $? = 0
configure:2973: test -s conftest.o
configure:2976: $? = 0
configure:2986: result: yes
configure:2990: checking malloc.h presence
configure:3000: gcc -E  conftest.c
configure:3006: $? = 0
configure:3026: result: yes
configure:3061: checking for malloc.h
configure:3068: result: yes
configure:2936: checking for stdlib.h
configure:2941: result: yes
configure:2936: checking for string.h
configure:2941: result: yes
configure:3090: checking for stdlib.h
configure:3095: result: yes
configure:3235: checking for GNU libc compatible malloc
configure:3264: gcc -o conftest -g -O2   conftest.c  >&5
configure:3267: $? = 0
configure:3269: ./conftest
configure:3272: $? = 0
configure:3286: result: yes
configure:3324: checking for strchr
configure:3381: gcc -o conftest -g -O2   conftest.c  >&5
conftest.c:49:6: warning: conflicting types for built-in function 'strchr' [-Wbuiltin-declaration-mismatch]
 char strchr ();
      ^~~~~~
configure:3387: $? = 0
configure:3391: test -z 
			 || test ! -s conftest.err
configure:3394: $? = 0
configure:3397: test -s conftest
configure:3400: $? = 0
configure:3412: result: yes
configure:3324: checking for strdup
configure:3381: gcc -o conftest -g -O2   conftest.c  >&5
conftest.c:50:6: warning: conflicting types for built-in function 'strdup' [-Wbuiltin-declaration-mismatch]
 char strdup ();
      ^~~~~~
configure:3387: $? = 0
configure:3391: test -z 
			 || test ! -s conftest.err
configure:3394: $? = 0
configure:3397: test -s conftest
configure:3400: $? = 0
configure:3412: result: yes
configure:3324: checking for strrchr
configure:3381: gcc -o conftest -g -O2   conftest.c  >&5
conftest.c:51:6: warning: conflicting types for built-in function 'strrchr' [-Wbuiltin-declaration-mismatch]
 char strrchr ();
      ^~~~~~~
configure:3387: $? = 0
configure:3391: test -z 
			 || test ! -s conftest.err
configure:3394: $? = 0
configure:3397: test -s conftest
configure:3400: $? = 0
configure:3412: result: yes
configure:3324: checking for strstr
configure:3381: gcc -o conftest -g -O2   conftest.c  >&5
conftest.c:52:6: warning: conflicting types for built-in function 'strstr' [-Wbuiltin-declaration-mismatch]
 char strstr ();
      ^~~~~~
configure:3387: $? = 0
configure:3391: test -z 
			 || test ! -s conftest.err
configure:3394: $? = 0
configure:3397: test -s conftest
configure:3400: $? = 0
configure:3412: result: yes
configure:3324: checking for strtol
configure:3381: gcc -o conftest -g -O2   conftest.c  >&5
configure:3387: $? = 0
configure:3391: test -z 
			 || test ! -s conftest.err
configure:3394: $? = 0
configure:3397: test -s conftest
configure:3400: $? = 0
configure:3412: result: yes
configure:3426: checking for nl_langinfo and CODESET
configure:3447: gcc -o conftest -g -O2   conftest.c  >&5
configure:3453: $? = 0
configure:3457: test -z 
			 || test ! -s conftest.err
configure:3460: $? = 0
configure:3463: test -s conftest
configure:3466: $? = 0
configure:3479: result: yes
configure:3491: checking whether build environment is sane
configure:3534: result: yes
configure:3599: checking for gawk
configure:3615: found /usr/bin/gawk
configure:3625: result: gawk
configure:3635: checking whether make sets $(MAKE)
configure:3655: result: yes
configure:3685: checking for style of include used by make
configure:3713: result: GNU
configure:3889: checking dependency style of gcc
configure:3979: result: gcc3
configure:4014: checking for Tcl configuration
configure:4094: result: found /usr/lib/tclConfig.sh
configure:4115: checking for Tk configuration
configure:4192: result: found /usr/lib/tkConfig.sh
configure:4199: checking for existence of /usr/lib/tclConfig.sh
configure:4203: result: loading
configure:4253: checking for existence of /usr/lib/tkConfig.sh
configure:4257: result: loading
configure:4409: creating ./config.status

## ---------------------- ##
## Running config.status. ##
## ---------------------- ##

This file was extended by WordNet config.status 3.0, which was
generated by GNU Autoconf 2.59.  Invocation command line was

  CONFIG_FILES    = 
  CONFIG_HEADERS  = 
  CONFIG_LINKS    = 
  CONFIG_COMMANDS = 
  $ ./config.status 

on kindred

config.status:696: creating Makefile
config.status:696: creating dict/Makefile
config.status:696: creating doc/Makefile
config.status:696: creating doc/html/Makefile
config.status:696: creating doc/man/Makefile
config.status:696: creating doc/pdf/Makefile
config.status:696: creating doc/ps/Makefile
config.status:696: creating include/Makefile
config.status:696: creating include/tk/Makefile
config.status:696: creating src/Makefile
config.status:696: creating lib/Makefile
config.status:696: creating lib/wnres/Makefile
config.status:800: creating config.h
config.status:1112: executing depfiles commands
config.status:1112: executing default commands
configure:5734: result:
WordNet is now configured

  Installation directory:               /usr/local/WordNet-3.0

  To build and install WordNet:

    make
    make install

  To run, environment variables should be set as follows:

    PATH - include ${exec_prefix}/bin
    WNHOME - if not using default installation location, set to /usr/local/WordNet-3.0

    See INSTALL file for details and additional environment variables
    which may need to be set on your system.



## ---------------- ##
## Cache variables. ##
## ---------------- ##

ac_cv_c_compiler_gnu=yes
ac_cv_c_tclconfig=/usr/lib
ac_cv_c_tkconfig=/usr/lib
ac_cv_env_CC_set=
ac_cv_env_CC_value=
ac_cv_env_CFLAGS_set=
ac_cv_env_CFLAGS_value=
ac_cv_env_CPPFLAGS_set=
ac_cv_env_CPPFLAGS_value=
ac_cv_env_CPP_set=
ac_cv_env_CPP_value=
ac_cv_env_LDFLAGS_set=
ac_cv_env_LDFLAGS_value=
ac_cv_env_build_alias_set=
ac_cv_env_build_alias_value=
ac_cv_env_host_alias_set=
ac_cv_env_host_alias_value=
ac_cv_env_target_alias_set=
ac_cv_env_target_alias_value=
ac_cv_exeext=
ac_cv_func_malloc_0_nonnull=yes
ac_cv_func_strchr=yes
ac_cv_func_strdup=yes
ac_cv_func_strrchr=yes
ac_cv_func_strstr=yes
ac_cv_func_strtol=yes
ac_cv_header_inttypes_h=yes
ac_cv_header_locale_h=yes
ac_cv_header_malloc_h=yes
ac_cv_header_memory_h=yes
ac_cv_header_stdc=yes
ac_cv_header_stdint_h=yes
ac_cv_header_stdlib_h=yes
ac_cv_header_string_h=yes
ac_cv_header_strings_h=yes
ac_cv_header_sys_stat_h=yes
ac_cv_header_sys_types_h=yes
ac_cv_header_unistd_h=yes
ac_cv_objext=o
ac_cv_path_install='/usr/bin/install -c'
ac_cv_prog_AWK=gawk
ac_cv_prog_CPP='gcc -E'
ac_cv_prog_ac_ct_CC=gcc
ac_cv_prog_ac_ct_RANLIB=ranlib
ac_cv_prog_cc_g=yes
ac_cv_prog_cc_stdc=
ac_cv_prog_egrep='grep -E'
ac_cv_prog_make_make_set=yes
am_cv_CC_dependencies_compiler_type=gcc3
am_cv_langinfo_codeset=yes

## ----------------- ##
## Output variables. ##
## ----------------- ##

ACLOCAL='${SHELL} /home/zeio/Downloads/wordnet/WordNet-3.0/missing --run aclocal-1.9'
AMDEPBACKSLASH='\'
AMDEP_FALSE='#'
AMDEP_TRUE=''
AMTAR='${SHELL} /home/zeio/Downloads/wordnet/WordNet-3.0/missing --run tar'
AUTOCONF='${SHELL} /home/zeio/Downloads/wordnet/WordNet-3.0/missing --run autoconf'
AUTOHEADER='${SHELL} /home/zeio/Downloads/wordnet/WordNet-3.0/missing --run autoheader'
AUTOMAKE='${SHELL} /home/zeio/Downloads/wordnet/WordNet-3.0/missing --run automake-1.9'
AWK='gawk'
CC='gcc'
CCDEPMODE='depmode=gcc3'
CFLAGS='-g -O2'
CPP='gcc -E'
CPPFLAGS=''
CYGPATH_W='echo'
DEFS='-DHAVE_CONFIG_H'
DEPDIR='.deps'
ECHO_C=''
ECHO_N='-n'
ECHO_T=''
EGREP='grep -E'
EXEEXT=''
INSTALL_DATA='${INSTALL} -m 644'
INSTALL_PROGRAM='${INSTALL}'
INSTALL_SCRIPT='${INSTALL}'
INSTALL_STRIP_PROGRAM='${SHELL} $(install_sh) -c -s'
LDFLAGS=''
LIBOBJS=''
LIBS=''
LTLIBOBJS=''
MAKEINFO='${SHELL} /home/zeio/Downloads/wordnet/WordNet-3.0/missing --run makeinfo'
OBJEXT='o'
PACKAGE='WordNet'
PACKAGE_BUGREPORT='wordnet@princeton.edu'
PACKAGE_NAME='WordNet'
PACKAGE_STRING='WordNet 3.0'
PACKAGE_TARNAME='wordnet'
PACKAGE_VERSION='3.0'
PATH_SEPARATOR=':'
RANLIB='ranlib'
SET_MAKE=''
SHELL='/bin/bash'
STRIP=''
TCL_INCLUDE_SPEC='-I/usr/include/tcl8.6'
TCL_LIB_SPEC='-L/usr/lib/x86_64-linux-gnu -ltcl8.6'
TK_LIBS='-lX11 -lXss -lXext -lXft -lfontconfig -lfreetype -lfontconfig  -lpthread -ldl -lz  -lpthread -lm'
TK_LIB_SPEC='-L/usr/lib/x86_64-linux-gnu -ltk8.6'
TK_PREFIX='/usr'
TK_XINCLUDES=''
VERSION='3.0'
ac_ct_CC='gcc'
ac_ct_RANLIB='ranlib'
ac_ct_STRIP=''
ac_prefix='/usr/local/WordNet-3.0'
am__fastdepCC_FALSE='#'
am__fastdepCC_TRUE=''
am__include='include'
am__leading_dot='.'
am__quote=''
am__tar='${AMTAR} chof - "$$tardir"'
am__untar='${AMTAR} xf -'
bindir='${exec_prefix}/bin'
build_alias=''
datadir='${prefix}/share'
exec_prefix='${prefix}'
host_alias=''
includedir='${prefix}/include'
infodir='${prefix}/info'
install_sh='/home/zeio/Downloads/wordnet/WordNet-3.0/install-sh'
libdir='${exec_prefix}/lib'
libexecdir='${exec_prefix}/libexec'
localstatedir='${prefix}/var'
mandir='${prefix}/man'
mkdir_p='mkdir -p --'
oldincludedir='/usr/include'
prefix='/usr/local/WordNet-3.0'
program_transform_name='s,x,x,'
sbindir='${exec_prefix}/sbin'
sharedstatedir='${prefix}/com'
sysconfdir='${prefix}/etc'
target_alias=''

## ----------- ##
## confdefs.h. ##
## ----------- ##

#define DEFAULTPATH "/usr/local/WordNet-3.0/dict"
#define HAVE_INTTYPES_H 1
#define HAVE_LANGINFO_CODESET 1
#define HAVE_LOCALE_H 1
#define HAVE_MALLOC 1
#define HAVE_MALLOC_H 1
#define HAVE_MEMORY_H 1
#define HAVE_STDINT_H 1
#define HAVE_STDLIB_H 1
#define HAVE_STDLIB_H 1
#define HAVE_STDLIB_H 1
#define HAVE_STRCHR 1
#define HAVE_STRDUP 1
#define HAVE_STRINGS_H 1
#define HAVE_STRING_H 1
#define HAVE_STRING_H 1
#define HAVE_STRRCHR 1
#define HAVE_STRSTR 1
#define HAVE_STRTOL 1
#define HAVE_SYS_STAT_H 1
#define HAVE_SYS_TYPES_H 1
#define HAVE_UNISTD_H 1
#define PACKAGE "WordNet"
#define PACKAGE_BUGREPORT "wordnet@princeton.edu"
#define PACKAGE_NAME "WordNet"
#define PACKAGE_STRING "WordNet 3.0"
#define PACKAGE_TARNAME "wordnet"
#define PACKAGE_VERSION "3.0"
#define STDC_HEADERS 1
#define VERSION "3.0"

configure: exit 0
